<?xml version="1.0" encoding="utf-8"?><testsuites><testsuite name="pytest" errors="0" failures="0" skipped="0" tests="14" time="0.308" timestamp="2023-05-29T10:55:02.733639" hostname="fv-az577-103"><testcase classname="tests.functional.test_auth" name="test_login" time="0.107" /><testcase classname="tests.functional.test_auth" name="test_logout" time="0.008" /><testcase classname="tests.functional.test_auth" name="test_register_validation[dareczek046-dareczek046@gmail.com-dareczek046-dareczek046-login]" time="0.022" /><testcase classname="tests.functional.test_auth" name="test_register_validation[dareczek014-newdareczek014@gmail.com-dareczek14-dareczek014-already registered]" time="0.010" /><testcase classname="tests.functional.test_auth" name="test_register_validation[newdareczek014-dareczek014@gmail.com-dareczek14-dareczek014-already registered]" time="0.010" /><testcase classname="tests.functional.test_auth" name="test_register[dareczek046-dareczek046@gmail.com-dareczek046-dareczek046-/login]" time="0.015" /><testcase classname="tests.functional.test_auth" name="test_register[dareczek014-newdareczek014@gmail.com-dareczek14-dareczek014-/signup]" time="0.009" /><testcase classname="tests.functional.test_auth" name="test_register[newdareczek014-dareczek014@gmail.com-dareczek14-dareczek014-/signup]" time="0.009" /><testcase classname="tests.functional.test_cli_commands" name="test_create_command" time="0.021" /><testcase classname="tests.functional.test_cli_commands" name="test_questions_count_command" time="0.009" /><testcase classname="tests.functional.test_cli_commands" name="test_deleteall_command_when_canceled" time="0.002" /><testcase classname="tests.functional.test_cli_commands" name="test_deleteall_command_when_confirmed_to_yes" time="0.006" /><testcase classname="tests.functional.test_users" name="test_home_page" time="0.002" /><testcase classname="tests.functional.test_users" name="test_home_page_post" time="0.003" /></testsuite></testsuites>