<?xml version="1.0" encoding="utf-8"?><testsuites><testsuite name="pytest" errors="0" failures="0" skipped="0" tests="10" time="0.166" timestamp="2023-03-21T08:43:35.865987" hostname="fv-az361-885"><testcase classname="tests.functional.test_auth" name="test_login" time="0.053" /><testcase classname="tests.functional.test_auth" name="test_logout" time="0.007" /><testcase classname="tests.functional.test_auth" name="test_register_validation[dareczek046-dareczek046@gmail.com-dareczek046-dareczek046-login]" time="0.017" /><testcase classname="tests.functional.test_auth" name="test_register_validation[dareczek014-newdareczek014@gmail.com-dareczek14-dareczek014-already registered]" time="0.008" /><testcase classname="tests.functional.test_auth" name="test_register_validation[newdareczek014-dareczek014@gmail.com-dareczek14-dareczek014-already registered]" time="0.007" /><testcase classname="tests.functional.test_auth" name="test_register[dareczek046-dareczek046@gmail.com-dareczek046-dareczek046-/login]" time="0.011" /><testcase classname="tests.functional.test_auth" name="test_register[dareczek014-newdareczek014@gmail.com-dareczek14-dareczek014-/signup]" time="0.008" /><testcase classname="tests.functional.test_auth" name="test_register[newdareczek014-dareczek014@gmail.com-dareczek14-dareczek014-/signup]" time="0.008" /><testcase classname="tests.functional.test_users" name="test_home_page" time="0.002" /><testcase classname="tests.functional.test_users" name="test_home_page_post" time="0.002" /></testsuite></testsuites>