<?xml version="1.0" encoding="utf-8"?><testsuites><testsuite name="pytest" errors="0" failures="0" skipped="0" tests="10" time="1.500" timestamp="2023-03-21T08:37:13.255515" hostname="fv-az349-104"><testcase classname="tests.functional.test_auth" name="test_login" time="0.304" /><testcase classname="tests.functional.test_auth" name="test_logout" time="0.010" /><testcase classname="tests.functional.test_auth" name="test_register_validation[dareczek046-dareczek046@gmail.com-dareczek046-dareczek046-login]" time="1.089" /><testcase classname="tests.functional.test_auth" name="test_register_validation[dareczek014-newdareczek014@gmail.com-dareczek14-dareczek014-already registered]" time="0.009" /><testcase classname="tests.functional.test_auth" name="test_register_validation[newdareczek014-dareczek014@gmail.com-dareczek14-dareczek014-already registered]" time="0.008" /><testcase classname="tests.functional.test_auth" name="test_register[dareczek046-dareczek046@gmail.com-dareczek046-dareczek046-/login]" time="0.013" /><testcase classname="tests.functional.test_auth" name="test_register[dareczek014-newdareczek014@gmail.com-dareczek14-dareczek014-/signup]" time="0.009" /><testcase classname="tests.functional.test_auth" name="test_register[newdareczek014-dareczek014@gmail.com-dareczek14-dareczek014-/signup]" time="0.009" /><testcase classname="tests.functional.test_users" name="test_home_page" time="0.002" /><testcase classname="tests.functional.test_users" name="test_home_page_post" time="0.002" /></testsuite></testsuites>