<?xml version="1.0" encoding="utf-8"?><testsuites><testsuite name="pytest" errors="0" failures="0" skipped="0" tests="14" time="0.213" timestamp="2023-05-06T16:14:51.709211" hostname="fv-az166-145"><testcase classname="tests.functional.test_auth" name="test_login" time="0.065" /><testcase classname="tests.functional.test_auth" name="test_logout" time="0.007" /><testcase classname="tests.functional.test_auth" name="test_register_validation[dareczek046-dareczek046@gmail.com-dareczek046-dareczek046-login]" time="0.019" /><testcase classname="tests.functional.test_auth" name="test_register_validation[dareczek014-newdareczek014@gmail.com-dareczek14-dareczek014-already registered]" time="0.008" /><testcase classname="tests.functional.test_auth" name="test_register_validation[newdareczek014-dareczek014@gmail.com-dareczek14-dareczek014-already registered]" time="0.008" /><testcase classname="tests.functional.test_auth" name="test_register[dareczek046-dareczek046@gmail.com-dareczek046-dareczek046-/login]" time="0.012" /><testcase classname="tests.functional.test_auth" name="test_register[dareczek014-newdareczek014@gmail.com-dareczek14-dareczek014-/signup]" time="0.008" /><testcase classname="tests.functional.test_auth" name="test_register[newdareczek014-dareczek014@gmail.com-dareczek14-dareczek014-/signup]" time="0.007" /><testcase classname="tests.functional.test_cli_commands" name="test_questions_count_command" time="0.009" /><testcase classname="tests.functional.test_cli_commands" name="test_create_command" time="0.006" /><testcase classname="tests.functional.test_cli_commands" name="test_deleteall_command_when_canceled" time="0.002" /><testcase classname="tests.functional.test_cli_commands" name="test_deleteall_command_when_confirmed_to_yes" time="0.005" /><testcase classname="tests.functional.test_users" name="test_home_page" time="0.002" /><testcase classname="tests.functional.test_users" name="test_home_page_post" time="0.002" /></testsuite></testsuites>