<?xml version="1.0" encoding="utf-8"?><testsuites><testsuite name="pytest" errors="0" failures="0" skipped="0" tests="22" time="0.324" timestamp="2024-05-31T14:16:15.836684" hostname="fv-az984-883"><testcase classname="tests.functional.test_auth" name="test_login" time="0.108" /><testcase classname="tests.functional.test_auth" name="test_logout" time="0.021" /><testcase classname="tests.functional.test_auth" name="test_register_validation[dareczek046-dareczek046@gmail.com-dareczek046-dareczek046-auth/login]" time="0.026" /><testcase classname="tests.functional.test_auth" name="test_register_validation[dareczek014-newdareczek014@gmail.com-dareczek14-dareczek014-already registered]" time="0.011" /><testcase classname="tests.functional.test_auth" name="test_register_validation[newdareczek014-dareczek014@gmail.com-dareczek14-dareczek014-already registered]" time="0.010" /><testcase classname="tests.functional.test_auth" name="test_register[dareczek046-dareczek046@gmail.com-dareczek046-dareczek046-/auth/login]" time="0.019" /><testcase classname="tests.functional.test_auth" name="test_register[dareczek014-newdareczek014@gmail.com-dareczek14-dareczek014-/auth/signup]" time="0.011" /><testcase classname="tests.functional.test_auth" name="test_register[newdareczek014-dareczek014@gmail.com-dareczek14-dareczek014-/auth/signup]" time="0.011" /><testcase classname="tests.functional.test_cli_commands" name="test_create_command" time="0.012" /><testcase classname="tests.functional.test_cli_commands" name="test_questions_count_command" time="0.006" /><testcase classname="tests.functional.test_cli_commands" name="test_deleteall_command_when_canceled" time="0.001" /><testcase classname="tests.functional.test_cli_commands" name="test_deleteall_command_when_confirmed_to_yes" time="0.003" /><testcase classname="tests.functional.test_logger" name="test_info_level_log" time="0.001" /><testcase classname="tests.functional.test_users" name="test_home_page" time="0.001" /><testcase classname="tests.functional.test_users" name="test_home_page_post" time="0.002" /><testcase classname="tests.unit.test_answer_scorer_class" name="test_score_answers_all_correct_with_empty" time="0.001" /><testcase classname="tests.unit.test_answer_scorer_class" name="test_score_answers_all_correct_for_multiple_choice" time="0.001" /><testcase classname="tests.unit.test_answer_scorer_class" name="test_score_answers_all_correct_for_single_choice" time="0.002" /><testcase classname="tests.unit.test_answer_scorer_class" name="test_score_answers_with_multiple_choice_incomplete" time="0.003" /><testcase classname="tests.unit.test_answer_scorer_class" name="test_score_answers_none_correct" time="0.001" /><testcase classname="tests.unit.test_answer_scorer_class" name="test_get_correct_answers_with_multiple_choice" time="0.002" /><testcase classname="tests.unit.test_answer_scorer_class" name="test_get_correct_answers_with_single_choice_answer" time="0.003" /></testsuite></testsuites>